Unity Editor version:    2020.3.27f1 (e759542391ea)
Branch:                  2020.3/release
Build type:              Release
Batch mode:              YES
macOS version:           Version 12.3.1 (Build 21E258)
Darwin version:          21.4.0
Architecture:            x86_64
Running under Rosetta:   YES
Available memory:        32768 MB
Using pre-set license
Pro License: NO

COMMAND LINE ARGUMENTS:
/Applications/Unity/Unity.app/Contents/MacOS/Unity
-adb2
-batchMode
-noUpm
-name
AssetImportWorker0
-projectPath
/Users/macaryu/Unity/tutorial_brock
-logFile
Logs/AssetImportWorker0.log
-srvPort
50117
Successfully changed project path to: /Users/macaryu/Unity/tutorial_brock
/Users/macaryu/Unity/tutorial_brock
Using Asset Import Pipeline V2.
Refreshing native plugins compatible for Editor in 29.02 ms, found 2 plugins.
Preloading 0 native plugins for Editor in 0.00 ms.
Initialize engine version: 2020.3.27f1 (e759542391ea)
[Subsystems] Discovering subsystems at path /Applications/Unity/Unity.app/Contents/Resources/UnitySubsystems
[Subsystems] Discovering subsystems at path /Users/macaryu/Unity/tutorial_brock/Assets
GfxDevice: creating device client; threaded=0
2022-04-03 12:31:54.022 Unity[3305:40846] (null) preferred device: Apple M1 Pro (high power)
2022-04-03 12:31:54.022 Unity[3305:40846] Metal devices available: 1
2022-04-03 12:31:54.022 Unity[3305:40846] 0: Apple M1 Pro (high power)
2022-04-03 12:31:54.022 Unity[3305:40846] Using device Apple M1 Pro (high power)
Initializing Metal device caps: Apple M1 Pro
Initialize mono
Mono path[0] = '/Applications/Unity/Unity.app/Contents/Managed'
Mono path[1] = '/Applications/Unity/Unity.app/Contents/MonoBleedingEdge/lib/mono/unityjit'
Mono config path = '/Applications/Unity/Unity.app/Contents/MonoBleedingEdge/etc'
Using monoOptions --debugger-agent=transport=dt_socket,embedding=1,server=y,suspend=n,address=127.0.0.1:56305
Begin MonoManager ReloadAssembly
Registering precompiled unity dll's ...
Register platform support module: /Applications/Unity/Unity.app/Contents/PlaybackEngines/MacStandaloneSupport/UnityEditor.OSXStandalone.Extensions.dll
Registered in 0.000287 seconds.
Native extension for OSXStandalone target not found
Refreshing native plugins compatible for Editor in 28.05 ms, found 2 plugins.
Preloading 0 native plugins for Editor in 0.00 ms.
Mono: successfully reloaded assembly
- Completed reload, in  1.168 seconds
Domain Reload Profiling:
	ReloadAssembly (1169ms)
		BeginReloadAssembly (83ms)
			ExecutionOrderSort (0ms)
			DisableScriptedObjects (0ms)
			BackupInstance (0ms)
			ReleaseScriptingObjects (0ms)
			CreateAndSetChildDomain (3ms)
		EndReloadAssembly (978ms)
			LoadAssemblies (80ms)
			RebuildTransferFunctionScriptingTraits (0ms)
			SetupTypeCache (177ms)
			ReleaseScriptCaches (0ms)
			RebuildScriptCaches (40ms)
			SetupLoadedEditorAssemblies (494ms)
				LogAssemblyErrors (0ms)
				InitializePlatformSupportModulesInManaged (12ms)
				SetLoadedEditorAssemblies (0ms)
				RefreshPlugins (28ms)
				BeforeProcessingInitializeOnLoad (76ms)
				ProcessInitializeOnLoadAttributes (276ms)
				ProcessInitializeOnLoadMethodAttributes (101ms)
				AfterProcessingInitializeOnLoad (0ms)
				EditorAssembliesLoaded (1ms)
			ExecutionOrderSort2 (0ms)
			AwakeInstancesAfterBackupRestoration (0ms)
Platform modules already initialized, skipping
Registering precompiled user dll's ...
Registered in 0.001049 seconds.
Begin MonoManager ReloadAssembly
Native extension for OSXStandalone target not found
Refreshing native plugins compatible for Editor in 0.31 ms, found 2 plugins.
Preloading 0 native plugins for Editor in 0.00 ms.
Mono: successfully reloaded assembly
- Completed reload, in  1.979 seconds
Domain Reload Profiling:
	ReloadAssembly (1980ms)
		BeginReloadAssembly (240ms)
			ExecutionOrderSort (0ms)
			DisableScriptedObjects (29ms)
			BackupInstance (0ms)
			ReleaseScriptingObjects (0ms)
			CreateAndSetChildDomain (31ms)
		EndReloadAssembly (1657ms)
			LoadAssemblies (168ms)
			RebuildTransferFunctionScriptingTraits (0ms)
			SetupTypeCache (308ms)
			ReleaseScriptCaches (1ms)
			RebuildScriptCaches (49ms)
			SetupLoadedEditorAssemblies (906ms)
				LogAssemblyErrors (0ms)
				InitializePlatformSupportModulesInManaged (13ms)
				SetLoadedEditorAssemblies (1ms)
				RefreshPlugins (0ms)
				BeforeProcessingInitializeOnLoad (178ms)
				ProcessInitializeOnLoadAttributes (687ms)
				ProcessInitializeOnLoadMethodAttributes (26ms)
				AfterProcessingInitializeOnLoad (1ms)
				EditorAssembliesLoaded (0ms)
			ExecutionOrderSort2 (0ms)
			AwakeInstancesAfterBackupRestoration (31ms)
Platform modules already initialized, skipping
Validating Project structure ... 0.000165 seconds.
Shader import version has changed; will reimport all shaders...
Upgrading shader files ...0.000202 seconds.
Application.AssetDatabase Initial Script Refresh Start
RefreshInfo: InitialScriptRefreshV2(NoUpdateAssetOptions) scanfilter:  ... 1 filters
RefreshProfiler: Total: 0.000ms
Application.AssetDatabase Initial Script Refresh End
Application.AssetDatabase.Refresh Start
Application.AssetDatabase.Refresh End
RefreshInfo: StopAssetImportingV2(ForceSynchronousImport) scanfilter: 
RefreshProfiler: Total: 0.000ms
Launching external process: /Applications/Unity/Unity.app/Contents/Tools/UnityShaderCompiler
Launched and connected shader compiler UnityShaderCompiler after 0.02 seconds
Initializing Unity extensions:
2022-04-03 12:31:58.126 Unity[3305:40846] NSEventModifierFlagFunction specified to -setKeyEquivalentModifierMask: for item <NSMenuItem: 0x600000b41ab0 Font Asset, ke='Command-F12'>, but is only supported for system-provided menu items; will not be used
2022-04-03 12:31:58.129 Unity[3305:40846] NSEventModifierFlagFunction specified to -setKeyEquivalentModifierMask: for item <NSMenuItem: 0x600000b33250 Font Asset, ke='Command-F12'>, but is only supported for system-provided menu items; will not be used
========================================================================
Worker process is ready to serve import requests
Refreshing native plugins compatible for Editor in 0.25 ms, found 2 plugins.
Preloading 0 native plugins for Editor in 0.00 ms.
Unloading 1509 Unused Serialized files (Serialized files now loaded: 0)
System memory in use before: 177.9 MB.
System memory in use after: 177.0 MB.

Unloading 85 unused Assets to reduce memory usage. Loaded Objects now: 1980.
Total: 2.390459 ms (FindLiveObjects: 0.068917 ms CreateObjectMapping: 0.028334 ms MarkObjects: 1.907458 ms  DeleteObjects: 0.385084 ms)

AssetImportParameters requested are different than current active one (requested -> active):
  custom:video-decoder-ogg-theora: a1e56fd34408186e4bbccfd4996cb3dc -> 
  custom:container-muxer-webm: aa71ff27fc2769a1b78a27578f13a17b -> 
  custom:container-demuxer-webm: 4f35f7cbe854078d1ac9338744f61a02 -> 
  custom:container-demuxer-ogg: 62fdf1f143b41e24485cea50d1cbac27 -> 
  custom:video-encoder-webm-vp8: eb34c28f22e8b96e1ab97ce403110664 -> 
  custom:framework-osx-AVFoundation: e770b220cccbd017edd2c1fefb359320 -> 
  custom:video-decoder-webm-vp8: 9c59270c3fd7afecdb556c50c9e8de78 -> 
  custom:audio-decoder-ogg-vorbis: bf7c407c2cedff20999df2af8eb42d56 -> 
  custom:audio-encoder-webm-vorbis: bf7c407c2cedff20999df2af8eb42d56 -> 
========================================================================
Received Import Request.
  path: Assets/Sounds/Touch.wav
  artifactKey: Guid(e978721fae11442dfbfe58d3f0991292) Importer(815301076,1909f56bfc062723c751e8b465ee728b)
Start importing Assets/Sounds/Touch.wav using Guid(e978721fae11442dfbfe58d3f0991292) Importer(815301076,1909f56bfc062723c751e8b465ee728b)  -> (artifact id: 'a11abc1276b7b1f16e0e8f79d2f56489') in 0.848312 seconds 
  Import took 0.851905 seconds .

========================================================================
Received Import Request.
  Time since last request: 0.000314 seconds.
  path: Assets/Sounds/BGM.wav
  artifactKey: Guid(26264bcf48c184793abf935856c0a54d) Importer(815301076,1909f56bfc062723c751e8b465ee728b)
Start importing Assets/Sounds/BGM.wav using Guid(26264bcf48c184793abf935856c0a54d) Importer(815301076,1909f56bfc062723c751e8b465ee728b)  -> (artifact id: '031969151ddcfcd9cb37f9fe2a766057') in 0.009729 seconds 
  Import took 0.011433 seconds .

========================================================================
Received Import Request.
  Time since last request: 0.000260 seconds.
  path: Assets/Sounds/Damage.wav
  artifactKey: Guid(18d53c9f313274a2e9f20ad80cde4aee) Importer(815301076,1909f56bfc062723c751e8b465ee728b)
Start importing Assets/Sounds/Damage.wav using Guid(18d53c9f313274a2e9f20ad80cde4aee) Importer(815301076,1909f56bfc062723c751e8b465ee728b)  -> (artifact id: 'f7c963c17d6a73bcd77767c9ad002bfd') in 0.006209 seconds 
  Import took 0.007871 seconds .

========================================================================
Received Import Request.
  Time since last request: 0.000242 seconds.
  path: Assets/Sounds/Death.wav
  artifactKey: Guid(90847d2cd8e104d7e9b098dbe04567d4) Importer(815301076,1909f56bfc062723c751e8b465ee728b)
Start importing Assets/Sounds/Death.wav using Guid(90847d2cd8e104d7e9b098dbe04567d4) Importer(815301076,1909f56bfc062723c751e8b465ee728b)  -> (artifact id: '57f51333c09a74fdd430e3fb3eb4fd4a') in 0.006255 seconds 
  Import took 0.007905 seconds .

========================================================================
Received Import Request.
  Time since last request: 0.000259 seconds.
  path: Assets/Sounds/Spawn.wav
  artifactKey: Guid(f04de020da1c84d4b92fe2458d1261fc) Importer(815301076,1909f56bfc062723c751e8b465ee728b)
Start importing Assets/Sounds/Spawn.wav using Guid(f04de020da1c84d4b92fe2458d1261fc) Importer(815301076,1909f56bfc062723c751e8b465ee728b)  -> (artifact id: 'd975cac6b810e3665731b813ccb31f18') in 0.006344 seconds 
  Import took 0.007886 seconds .

========================================================================
Received Import Request.
  Time since last request: 400.797779 seconds.
  path: Assets/Perfect Bounce.physicMaterial
  artifactKey: Guid(9205abbf275fe4a969e2fa6aa2bf4623) Importer(815301076,1909f56bfc062723c751e8b465ee728b)
Start importing Assets/Perfect Bounce.physicMaterial using Guid(9205abbf275fe4a969e2fa6aa2bf4623) Importer(815301076,1909f56bfc062723c751e8b465ee728b)  -> (artifact id: '9bc4e063d67db97182a7d8acdba95072') in 0.568815 seconds 
  Import took 0.572720 seconds .

========================================================================
Received Import Request.
  Time since last request: 12.171770 seconds.
  path: Assets/New Material.mat
  artifactKey: Guid(78cc0b877fdb84cfeb732b73413efe71) Importer(815301076,1909f56bfc062723c751e8b465ee728b)
Start importing Assets/New Material.mat using Guid(78cc0b877fdb84cfeb732b73413efe71) Importer(815301076,1909f56bfc062723c751e8b465ee728b)  -> (artifact id: 'dd16a7c1324b5d3324352f99d1d07cf4') in 0.265191 seconds 
  Import took 0.268742 seconds .

========================================================================
Received Import Request.
  Time since last request: 10.053541 seconds.
  path: Assets/BlockMaterial.mat
  artifactKey: Guid(78cc0b877fdb84cfeb732b73413efe71) Importer(815301076,1909f56bfc062723c751e8b465ee728b)
Start importing Assets/BlockMaterial.mat using Guid(78cc0b877fdb84cfeb732b73413efe71) Importer(815301076,1909f56bfc062723c751e8b465ee728b)  -> (artifact id: '7fe80a6a4b7ec2e3e71f81ddf7e6c900') in 0.012632 seconds 
  Import took 0.015002 seconds .

